<?xml version="1.0" encoding="UTF-8" ?>
<testsuite failures="0" time="0" errors="0" skipped="0" tests="3" name="org.springframework.samples.petcare.appointments.AppointmentCalendarTest">
  <properties>
[...]
</properties>
  <testcase time="0" classname="org.springframework.samples.petcare.appointments.AppointmentCalendarTest" name="getBlocks"/>
  <testcase time="0" classname="org.springframework.samples.petcare.appointments.AppointmentCalendarTest" name="getDoctors"/>
  <testcase time="0" classname="org.springframework.samples.petcare.appointments.AppointmentCalendarTest" name="getAppointment"/>
</testsuite>